09:56:17 [main] DEBUG i.n.u.i.l.InternalLoggerFactory - Using SLF4J as the default logging framework
09:56:17 [main] DEBUG i.n.c.MultithreadEventLoopGroup - -Dio.netty.eventLoopThreads: 8
09:56:17 [main] DEBUG i.n.u.i.PlatformDependent0 - java.nio.Buffer.address: available
09:56:17 [main] DEBUG i.n.u.i.PlatformDependent0 - sun.misc.Unsafe.theUnsafe: available
09:56:17 [main] DEBUG i.n.u.i.PlatformDependent0 - sun.misc.Unsafe.copyMemory: available
09:56:17 [main] DEBUG i.n.u.i.PlatformDependent0 - java.nio.Bits.unaligned: true
09:56:17 [main] DEBUG i.n.u.internal.PlatformDependent - Java version: 8
09:56:17 [main] DEBUG i.n.u.internal.PlatformDependent - -Dio.netty.noUnsafe: false
09:56:17 [main] DEBUG i.n.u.internal.PlatformDependent - sun.misc.Unsafe: available
09:56:17 [main] DEBUG i.n.u.internal.PlatformDependent - -Dio.netty.noJavassist: false
09:56:17 [main] DEBUG i.n.u.internal.PlatformDependent - Javassist: unavailable
09:56:17 [main] DEBUG i.n.u.internal.PlatformDependent - You don't have Javassist in your class path or you don't have enough permission to load dynamically generated classes.  Please check the configuration for better performance.
09:56:17 [main] DEBUG i.n.u.internal.PlatformDependent - -Dio.netty.tmpdir: /var/folders/pq/kcxzw05j7t50kbs39kx49l6w0000gn/T (java.io.tmpdir)
09:56:17 [main] DEBUG i.n.u.internal.PlatformDependent - -Dio.netty.bitMode: 64 (sun.arch.data.model)
09:56:17 [main] DEBUG i.n.u.internal.PlatformDependent - -Dio.netty.noPreferDirect: false
09:56:18 [main] DEBUG i.netty.channel.nio.NioEventLoop - -Dio.netty.noKeySetOptimization: false
09:56:18 [main] DEBUG i.netty.channel.nio.NioEventLoop - -Dio.netty.selectorAutoRebuildThreshold: 512
09:56:18 [main] INFO  c.w.p.h.common.HttpServerConfig - set response inner contentType is: json
09:56:18 [main] DEBUG c.w.p.s.ConfigAnnotationBeanPostProcessor - @AfterConfig HttpServerConfig.initRespInnerContentType
09:56:18 [main] DEBUG c.w.p.s.ConfigAnnotationBeanPostProcessor - @AfterConfig TextResponseHandlerManager.initHandlerChain
09:56:18 [main] DEBUG c.w.p.s.ConfigAnnotationBeanPostProcessor - @AfterConfig CountStat.reset
09:56:18 [main] INFO  c.w.p.h.stat.StatisticManager$1 - schedule initialDelay:221780,period:600000,unit:MILLISECONDS,atFixRate:true,lastFuture:N/A
09:56:18 [main] DEBUG c.w.p.s.ConfigAnnotationBeanPostProcessor - @AfterConfig StatisticManager.init
09:56:18 [main] DEBUG c.w.p.s.ConfigAnnotationBeanPostProcessor - @AfterConfig StreamStat.reset
09:56:18 [main] DEBUG c.w.p.s.ConfigAnnotationBeanPostProcessor - @AfterConfig TimeSpanStat.reset
09:56:18 [main] INFO  c.w.p.h.system.SystemMonitor - GarbageCollectMonitor   ON,interval:300sec,yongGc:PS Scavenge,fullGc:PS MarkSweep
09:56:18 [main] INFO  c.w.p.h.system.SystemMonitor - LoadAverageMonitor      ON,interval:30sec,warnThreshold:2.8,errorThreshold:4.0
09:56:18 [main] INFO  c.w.p.h.system.SystemMonitor - ThreadCpuTimeMonitor    ON,interval:30sec
09:56:18 [main] INFO  c.w.p.h.system.SystemMonitor - DenialOfServiceMonitor ON, interval:1sec, Worker EventLoop Size:20
09:56:18 [main] INFO  c.w.p.h.system.SystemMonitor - LogMonitor ON, interval:10sec, logExecutorSize:0
09:56:18 [main] DEBUG c.w.p.s.ConfigAnnotationBeanPostProcessor - @AfterBootstrap SystemChecker.init
09:56:18 [main] ERROR c.w.p.h.stat.StatisticManager - read statistic snapshots data error, not found file,if it is the first time read, you can ignore it. error info
java.io.FileNotFoundException: /Users/louiswang/Documents/Puppy/target/classes/TIMESPAN.stat (No such file or directory)
	at java.io.FileInputStream.open0(Native Method)
	at java.io.FileInputStream.open(FileInputStream.java:195)
	at java.io.FileInputStream.<init>(FileInputStream.java:138)
	at cn.wantedonline.puppy.httpserver.stat.StatisticManager.readStatisticSnapshotsDataFromFile(StatisticManager.java:160)
	at cn.wantedonline.puppy.httpserver.stat.StatisticManager.readStatisticSnapshotsDataFromFile(StatisticManager.java:154)
	at cn.wantedonline.puppy.httpserver.stat.StatisticManager.readStatisticData(StatisticManager.java:133)
	at cn.wantedonline.puppy.Bootstrap.initEnv(Bootstrap.java:122)
	at cn.wantedonline.puppy.Bootstrap.startHttpServer(Bootstrap.java:110)
	at cn.wantedonline.puppy.Bootstrap.main(Bootstrap.java:259)
	at cn.wantedonline.puppy.Bootstrap.main(Bootstrap.java:223)
	at cn.wantedonline.puppy.Launch.main(Launch.java:28)
09:56:18 [main] ERROR c.w.p.h.stat.StatisticManager - read statistic snapshots data error, not found file,if it is the first time read, you can ignore it. error info
java.io.FileNotFoundException: /Users/louiswang/Documents/Puppy/target/classes/COUNTSTAT.stat (No such file or directory)
	at java.io.FileInputStream.open0(Native Method)
	at java.io.FileInputStream.open(FileInputStream.java:195)
	at java.io.FileInputStream.<init>(FileInputStream.java:138)
	at cn.wantedonline.puppy.httpserver.stat.StatisticManager.readStatisticSnapshotsDataFromFile(StatisticManager.java:160)
	at cn.wantedonline.puppy.httpserver.stat.StatisticManager.readStatisticSnapshotsDataFromFile(StatisticManager.java:154)
	at cn.wantedonline.puppy.httpserver.stat.StatisticManager.readStatisticData(StatisticManager.java:136)
	at cn.wantedonline.puppy.Bootstrap.initEnv(Bootstrap.java:122)
	at cn.wantedonline.puppy.Bootstrap.startHttpServer(Bootstrap.java:110)
	at cn.wantedonline.puppy.Bootstrap.main(Bootstrap.java:259)
	at cn.wantedonline.puppy.Bootstrap.main(Bootstrap.java:223)
	at cn.wantedonline.puppy.Launch.main(Launch.java:28)
09:56:18 [main] ERROR c.w.p.h.stat.StatisticManager - read statistic snapshots data error, not found file,if it is the first time read, you can ignore it. error info
java.io.FileNotFoundException: /Users/louiswang/Documents/Puppy/target/classes/STREAM.stat (No such file or directory)
	at java.io.FileInputStream.open0(Native Method)
	at java.io.FileInputStream.open(FileInputStream.java:195)
	at java.io.FileInputStream.<init>(FileInputStream.java:138)
	at cn.wantedonline.puppy.httpserver.stat.StatisticManager.readStatisticSnapshotsDataFromFile(StatisticManager.java:160)
	at cn.wantedonline.puppy.httpserver.stat.StatisticManager.readStatisticSnapshotsDataFromFile(StatisticManager.java:154)
	at cn.wantedonline.puppy.httpserver.stat.StatisticManager.readStatisticData(StatisticManager.java:139)
	at cn.wantedonline.puppy.Bootstrap.initEnv(Bootstrap.java:122)
	at cn.wantedonline.puppy.Bootstrap.startHttpServer(Bootstrap.java:110)
	at cn.wantedonline.puppy.Bootstrap.main(Bootstrap.java:259)
	at cn.wantedonline.puppy.Bootstrap.main(Bootstrap.java:223)
	at cn.wantedonline.puppy.Launch.main(Launch.java:28)
09:56:18 [main] ERROR c.w.p.h.common.CmdMappers - AUTO_MAP:		{/pingPong/pingMyRequest=PingPongCmd.pingMyRequest, /shutDown=ShutDownCmd.process}
09:56:18 [main] ERROR c.w.p.h.common.CmdMappers - ANNOTATION_MAP:		{}
09:56:18 [main] ERROR c.w.p.h.common.CmdMappers - CONFIG_MAP:		{}
09:56:18 [main] DEBUG i.n.u.internal.ThreadLocalRandom - -Dio.netty.initialSeedUniquifier: 0x896ee33934087b2c (took 8 ms)
09:56:18 [main] DEBUG io.netty.buffer.ByteBufUtil - -Dio.netty.allocator.type: unpooled
09:56:18 [main] DEBUG io.netty.buffer.ByteBufUtil - -Dio.netty.threadLocalDirectBufferSize: 65536
09:56:18 [main] DEBUG io.netty.buffer.ByteBufUtil - -Dio.netty.maxThreadLocalCharBufferSize: 16384
09:56:18 [main] DEBUG io.netty.util.NetUtil - Loopback interface: lo0 (lo0, 0:0:0:0:0:0:0:1)
09:56:18 [main] DEBUG io.netty.util.NetUtil - /proc/sys/net/core/somaxconn: 128 (non-existent)
09:56:18 [main] ERROR cn.wantedonline.puppy.Bootstrap - HTTPServer(port[8080],workerCount[20]) Start OK.[3403MS]
09:56:25 [Worker thread $1] DEBUG io.netty.buffer.AbstractByteBuf - -Dio.netty.buffer.bytebuf.checkAccessible: true
09:56:25 [Worker thread $1] DEBUG i.n.util.ResourceLeakDetector - -Dio.netty.leakDetection.level: simple
09:56:25 [Worker thread $1] DEBUG i.n.util.ResourceLeakDetector - -Dio.netty.leakDetection.maxRecords: 4
09:56:25 [Worker thread $1] DEBUG io.netty.util.Recycler - -Dio.netty.recycler.maxCapacity.default: 262144
09:56:25 [Worker thread $1] DEBUG io.netty.util.internal.Cleaner0 - java.nio.ByteBuffer.cleaner(): available
09:56:48 [Watchdog(Sche)1] INFO  c.w.p.h.s.S.loadaverage - load average:2.39599609375
